<?xml version="1.0" encoding="UTF-8"?>
<!-- Generated by org.testng.reporters.JUnitReportReporter -->
<testsuite hostname="DESKTOP-2EN54MR" failures="0" tests="1" name="org.etisalat.myEtisalat.tests.searchTest" time="8.974" errors="0" timestamp="2022-10-31T15:10:18 EET" skipped="0">
  <testcase classname="org.etisalat.myEtisalat.tests.searchTest" name="test" time="8.974"/>
  <system-out/>
</testsuite> <!-- org.etisalat.myEtisalat.tests.searchTest -->
